<?xml version="1.0" encoding="UTF-8"?>
<!-- Generated by org.testng.reporters.JUnitXMLReporter -->
<testsuite ignored="0" hostname="DhananjayP-PC" failures="0" tests="8" name="Test" time="62.718" errors="0" timestamp="2024-01-09T14:39:02 IST">
  <testcase classname="testCases.TC_001_AccountRegistration" name="test_account_registration" time="6.587"/>
  <testcase classname="testCases.TC_002_Login" name="test_user_login" time="2.064"/>
  <testcase classname="testCases.TC_004_Search" name="search_fetaure" time="1.58"/>
  <testcase classname="testCases.TC_005_AddItemInCard" name="AddItemInCard" time="7.862"/>
  <testcase classname="testCases.TC_006_CompaireProducts" name="CompaireProducts" time="9.899"/>
  <testcase classname="testCases.TC_007_AddInWishlist" name="AddInWishlist" time="17.857"/>
  <testcase classname="testCases.TC_008_ForgetPassword" name="ForgetPassword" time="2.533"/>
  <testcase classname="testCases.TC_009_FrgtPwdWithInvalidEmailAdd" name="FrgtPwdWithInvalidEmailAdd" time="2.137"/>
</testsuite> <!-- Test -->
