<?xml version="1.0" encoding="UTF-8"?>
<!-- Generated by org.testng.reporters.JUnitXMLReporter -->
<testsuite ignored="0" hostname="DhananjayP-PC" failures="1" tests="1" name="Test" time="41.122" errors="0" timestamp="2024-01-30T10:48:04 IST">
  <testcase classname="testCases.TC_010_ShoppingCart" name="ShoppingCart" time="38.335">
    <failure type="java.lang.AssertionError" message="null">
      <![CDATA[java.lang.AssertionError: null
at testCases.TC_010_ShoppingCart.ShoppingCart(TC_010_ShoppingCart.java:93)
at java.base/java.util.ArrayList.forEach(ArrayList.java:1511)
... Removed 29 stack frames]]>
    </failure>
  </testcase> <!-- ShoppingCart -->
</testsuite> <!-- Test -->
