<?xml version="1.0" encoding="UTF-8"?>
<!-- Generated by org.testng.reporters.JUnitXMLReporter -->
<testsuite ignored="0" hostname="DhananjayP-PC" failures="1" tests="8" name="Test" time="70.946" errors="0" timestamp="2024-02-07T12:29:59 IST">
  <testcase classname="testCases.TC_001_AccountRegistration" name="test_account_registration" time="6.982"/>
  <testcase classname="testCases.TC_002_Login" name="test_user_login" time="3.119"/>
  <testcase classname="testCases.TC_004_Search" name="search_fetaure" time="2.69"/>
  <testcase classname="testCases.TC_005_AddItemInCard" name="AddItemInCard" time="0.001">
    <failure type="java.lang.Error" message="Unresolved compilation problems: 
	Syso cannot be resolved to a type
	Duplicate local variable pd
	Syntax error on token &amp;quot;.&amp;quot;, ; expected
	The method SelectQty(String) is undefined for the type TC_005_AddItemInCard
">
      <![CDATA[java.lang.Error: Unresolved compilation problems: 
Syso cannot be resolved to a type
Duplicate local variable pd
Syntax error on token ".", ; expected
The method SelectQty(String) is undefined for the type TC_005_AddItemInCard

at testCases.TC_005_AddItemInCard.AddItemInCard(TC_005_AddItemInCard.java:42)
at java.base/java.util.ArrayList.forEach(ArrayList.java:1511)
... Removed 27 stack frames]]>
    </failure>
  </testcase> <!-- AddItemInCard -->
  <testcase classname="testCases.TC_006_CompaireProducts" name="CompaireProducts" time="11.279"/>
  <testcase classname="testCases.TC_007_AddInWishlist" name="AddInWishlist" time="21.979"/>
  <testcase classname="testCases.TC_008_ForgetPassword" name="ForgetPassword" time="3.825"/>
  <testcase classname="testCases.TC_009_FrgtPwdWithInvalidEmailAdd" name="FrgtPwdWithInvalidEmailAdd" time="3.036"/>
</testsuite> <!-- Test -->
