<?xml version="1.0" encoding="UTF-8"?>
<testsuite xmlns:xsi="http://www.w3.org/2001/XMLSchema-instance" xsi:noNamespaceSchemaLocation="https://maven.apache.org/surefire/maven-surefire-plugin/xsd/surefire-test-report-3.0.xsd" version="3.0" name="TestSuite" time="63.756" tests="8" errors="0" skipped="0" failures="0">
  <properties>
[...]
</properties>
  <testcase name="test_account_registration" classname="testCases.TC_001_AccountRegistration" time="6.6">
    <system-out><![CDATA[14:37:59.459 [main] DEBUG org.testng.TestNG - suiteXmlPath: "C:\Dhananjay_Proj\OpencartV123\testng.xml"
14:37:59.804 [main] DEBUG org.testng.internal.Graph - [Graph] ADDING NODE BaseClass.setup(java.lang.String)[pri:0, instance:null] -1422203584
14:37:59.805 [main] DEBUG org.testng.internal.Graph - [Graph] ================ SORTING
14:37:59.808 [main] DEBUG org.testng.internal.Graph - [Graph] =============== DONE SORTING
14:37:59.808 [main] DEBUG org.testng.internal.Graph - [Graph] ====== SORTED NODES
14:37:59.808 [main] DEBUG org.testng.internal.Graph - [Graph] ====== END SORTED NODES
14:37:59.809 [main] DEBUG org.testng.internal.Graph - [Graph] ADDING NODE BaseClass.tearDown()[pri:0, instance:null] 829687191
14:37:59.809 [main] DEBUG org.testng.internal.Graph - [Graph] ================ SORTING
14:37:59.809 [main] DEBUG org.testng.internal.Graph - [Graph] =============== DONE SORTING
14:37:59.809 [main] DEBUG org.testng.internal.Graph - [Graph] ====== SORTED NODES
14:37:59.809 [main] DEBUG org.testng.internal.Graph - [Graph] ====== END SORTED NODES
14:37:59.812 [main] DEBUG org.testng.internal.Graph - [Graph] ADDING NODE BaseClass.setup(java.lang.String)[pri:0, instance:null] -1422203584
14:37:59.813 [main] DEBUG org.testng.internal.Graph - [Graph] ================ SORTING
14:37:59.813 [main] DEBUG org.testng.internal.Graph - [Graph] =============== DONE SORTING
14:37:59.813 [main] DEBUG org.testng.internal.Graph - [Graph] ====== SORTED NODES
14:37:59.813 [main] DEBUG org.testng.internal.Graph - [Graph] ====== END SORTED NODES
14:37:59.813 [main] DEBUG org.testng.internal.Graph - [Graph] ADDING NODE BaseClass.tearDown()[pri:0, instance:null] 829687191
14:37:59.813 [main] DEBUG org.testng.internal.Graph - [Graph] ================ SORTING
14:37:59.814 [main] DEBUG org.testng.internal.Graph - [Graph] =============== DONE SORTING
14:37:59.814 [main] DEBUG org.testng.internal.Graph - [Graph] ====== SORTED NODES
14:37:59.814 [main] DEBUG org.testng.internal.Graph - [Graph] ====== END SORTED NODES
14:37:59.815 [main] DEBUG org.testng.internal.Graph - [Graph] ADDING NODE BaseClass.setup(java.lang.String)[pri:0, instance:null] -1422203584
14:37:59.816 [main] DEBUG org.testng.internal.Graph - [Graph] ================ SORTING
14:37:59.816 [main] DEBUG org.testng.internal.Graph - [Graph] =============== DONE SORTING
14:37:59.816 [main] DEBUG org.testng.internal.Graph - [Graph] ====== SORTED NODES
14:37:59.816 [main] DEBUG org.testng.internal.Graph - [Graph] ====== END SORTED NODES
14:37:59.816 [main] DEBUG org.testng.internal.Graph - [Graph] ADDING NODE BaseClass.tearDown()[pri:0, instance:null] 829687191
14:37:59.816 [main] DEBUG org.testng.internal.Graph - [Graph] ================ SORTING
14:37:59.816 [main] DEBUG org.testng.internal.Graph - [Graph] =============== DONE SORTING
14:37:59.816 [main] DEBUG org.testng.internal.Graph - [Graph] ====== SORTED NODES
14:37:59.816 [main] DEBUG org.testng.internal.Graph - [Graph] ====== END SORTED NODES
14:37:59.818 [main] DEBUG org.testng.internal.Graph - [Graph] ADDING NODE BaseClass.setup(java.lang.String)[pri:0, instance:null] -1422203584
14:37:59.818 [main] DEBUG org.testng.internal.Graph - [Graph] ================ SORTING
14:37:59.818 [main] DEBUG org.testng.internal.Graph - [Graph] =============== DONE SORTING
14:37:59.818 [main] DEBUG org.testng.internal.Graph - [Graph] ====== SORTED NODES
14:37:59.818 [main] DEBUG org.testng.internal.Graph - [Graph] ====== END SORTED NODES
14:37:59.819 [main] DEBUG org.testng.internal.Graph - [Graph] ADDING NODE BaseClass.tearDown()[pri:0, instance:null] 829687191
14:37:59.819 [main] DEBUG org.testng.internal.Graph - [Graph] ================ SORTING
14:37:59.819 [main] DEBUG org.testng.internal.Graph - [Graph] =============== DONE SORTING
14:37:59.819 [main] DEBUG org.testng.internal.Graph - [Graph] ====== SORTED NODES
14:37:59.819 [main] DEBUG org.testng.internal.Graph - [Graph] ====== END SORTED NODES
14:37:59.820 [main] DEBUG org.testng.internal.Graph - [Graph] ADDING NODE BaseClass.setup(java.lang.String)[pri:0, instance:null] -1422203584
14:37:59.820 [main] DEBUG org.testng.internal.Graph - [Graph] ================ SORTING
14:37:59.820 [main] DEBUG org.testng.internal.Graph - [Graph] =============== DONE SORTING
14:37:59.820 [main] DEBUG org.testng.internal.Graph - [Graph] ====== SORTED NODES
14:37:59.820 [main] DEBUG org.testng.internal.Graph - [Graph] ====== END SORTED NODES
14:37:59.821 [main] DEBUG org.testng.internal.Graph - [Graph] ADDING NODE BaseClass.tearDown()[pri:0, instance:null] 829687191
14:37:59.821 [main] DEBUG org.testng.internal.Graph - [Graph] ================ SORTING
14:37:59.821 [main] DEBUG org.testng.internal.Graph - [Graph] =============== DONE SORTING
14:37:59.821 [main] DEBUG org.testng.internal.Graph - [Graph] ====== SORTED NODES
14:37:59.821 [main] DEBUG org.testng.internal.Graph - [Graph] ====== END SORTED NODES
14:37:59.822 [main] DEBUG org.testng.internal.Graph - [Graph] ADDING NODE BaseClass.setup(java.lang.String)[pri:0, instance:null] -1422203584
14:37:59.823 [main] DEBUG org.testng.internal.Graph - [Graph] ================ SORTING
14:37:59.823 [main] DEBUG org.testng.internal.Graph - [Graph] =============== DONE SORTING
14:37:59.823 [main] DEBUG org.testng.internal.Graph - [Graph] ====== SORTED NODES
14:37:59.823 [main] DEBUG org.testng.internal.Graph - [Graph] ====== END SORTED NODES
14:37:59.823 [main] DEBUG org.testng.internal.Graph - [Graph] ADDING NODE BaseClass.tearDown()[pri:0, instance:null] 829687191
14:37:59.823 [main] DEBUG org.testng.internal.Graph - [Graph] ================ SORTING
14:37:59.823 [main] DEBUG org.testng.internal.Graph - [Graph] =============== DONE SORTING
14:37:59.823 [main] DEBUG org.testng.internal.Graph - [Graph] ====== SORTED NODES
14:37:59.823 [main] DEBUG org.testng.internal.Graph - [Graph] ====== END SORTED NODES
14:37:59.825 [main] DEBUG org.testng.internal.Graph - [Graph] ADDING NODE BaseClass.setup(java.lang.String)[pri:0, instance:null] -1422203584
14:37:59.825 [main] DEBUG org.testng.internal.Graph - [Graph] ================ SORTING
14:37:59.825 [main] DEBUG org.testng.internal.Graph - [Graph] =============== DONE SORTING
14:37:59.825 [main] DEBUG org.testng.internal.Graph - [Graph] ====== SORTED NODES
14:37:59.825 [main] DEBUG org.testng.internal.Graph - [Graph] ====== END SORTED NODES
14:37:59.825 [main] DEBUG org.testng.internal.Graph - [Graph] ADDING NODE BaseClass.tearDown()[pri:0, instance:null] 829687191
14:37:59.825 [main] DEBUG org.testng.internal.Graph - [Graph] ================ SORTING
14:37:59.825 [main] DEBUG org.testng.internal.Graph - [Graph] =============== DONE SORTING
14:37:59.825 [main] DEBUG org.testng.internal.Graph - [Graph] ====== SORTED NODES
14:37:59.825 [main] DEBUG org.testng.internal.Graph - [Graph] ====== END SORTED NODES
14:37:59.827 [main] DEBUG org.testng.internal.Graph - [Graph] ADDING NODE BaseClass.setup(java.lang.String)[pri:0, instance:null] -1422203584
14:37:59.827 [main] DEBUG org.testng.internal.Graph - [Graph] ================ SORTING
14:37:59.827 [main] DEBUG org.testng.internal.Graph - [Graph] =============== DONE SORTING
14:37:59.827 [main] DEBUG org.testng.internal.Graph - [Graph] ====== SORTED NODES
14:37:59.827 [main] DEBUG org.testng.internal.Graph - [Graph] ====== END SORTED NODES
14:37:59.828 [main] DEBUG org.testng.internal.Graph - [Graph] ADDING NODE BaseClass.tearDown()[pri:0, instance:null] 829687191
14:37:59.828 [main] DEBUG org.testng.internal.Graph - [Graph] ================ SORTING
14:37:59.828 [main] DEBUG org.testng.internal.Graph - [Graph] =============== DONE SORTING
14:37:59.828 [main] DEBUG org.testng.internal.Graph - [Graph] ====== SORTED NODES
14:37:59.828 [main] DEBUG org.testng.internal.Graph - [Graph] ====== END SORTED NODES
14:37:59.833 [main] DEBUG org.testng.internal.Graph - [Graph] ADDING NODE TC_001_AccountRegistration.test_account_registration()[pri:0, instance:testCases.TC_001_AccountRegistration@5276d6ee] -1265719694
14:37:59.833 [main] DEBUG org.testng.internal.Graph - [Graph] ADDING NODE TC_002_Login.test_user_login()[pri:0, instance:testCases.TC_002_Login@7bbc8656] 308004236
14:37:59.833 [main] DEBUG org.testng.internal.Graph - [Graph] ADDING NODE TC_004_Search.search_fetaure()[pri:0, instance:testCases.TC_004_Search@6933b6c6] -672125788
14:37:59.833 [main] DEBUG org.testng.internal.Graph - [Graph] ADDING NODE TC_005_AddItemInCard.AddItemInCard()[pri:0, instance:testCases.TC_005_AddItemInCard@7d3e8655] -45220655
14:37:59.833 [main] DEBUG org.testng.internal.Graph - [Graph] ADDING NODE TC_006_CompaireProducts.CompaireProducts()[pri:0, instance:testCases.TC_006_CompaireProducts@7dfb0c0f] -2072091220
14:37:59.833 [main] DEBUG org.testng.internal.Graph - [Graph] ADDING NODE TC_007_AddInWishlist.AddInWishlist()[pri:0, instance:testCases.TC_007_AddInWishlist@626abbd0] 894210038
14:37:59.833 [main] DEBUG org.testng.internal.Graph - [Graph] ADDING NODE TC_008_ForgetPassword.ForgetPassword()[pri:0, instance:testCases.TC_008_ForgetPassword@169bb4dd] -321615372
14:37:59.834 [main] DEBUG org.testng.internal.Graph - [Graph] ADDING NODE TC_009_FrgtPwdWithInvalidEmailAdd.FrgtPwdWithInvalidEmailAdd()[pri:0, instance:testCases.TC_009_FrgtPwdWithInvalidEmailAdd@1f9e9475] 1201286525
14:37:59.834 [main] DEBUG org.testng.internal.Graph - [Graph] ================ SORTING
14:37:59.835 [main] DEBUG org.testng.internal.Graph - [Graph] =============== DONE SORTING
14:37:59.835 [main] DEBUG org.testng.internal.Graph - [Graph] ====== SORTED NODES
14:37:59.835 [main] DEBUG org.testng.internal.Graph - [Graph] ====== END SORTED NODES
14:38:00.666 [main] DEBUG io.github.bonigarcia.wdm.WebDriverManager - Using WebDriverManager 5.6.2
14:38:00.943 [main] DEBUG io.github.bonigarcia.wdm.cache.ResolutionCache - Resolution chrome=120 in cache (valid until 15:36:23 09/01/2024 IST)
14:38:00.944 [main] DEBUG io.github.bonigarcia.wdm.cache.ResolutionCache - Resolution chrome120=120.0.6099.109 in cache (valid until 14:36:23 10/01/2024 IST)
14:38:00.945 [main] INFO io.github.bonigarcia.wdm.WebDriverManager - Using chromedriver 120.0.6099.109 (resolved driver for Chrome 120)
14:38:00.978 [main] DEBUG io.github.bonigarcia.wdm.WebDriverManager - Driver chromedriver 120.0.6099.109 found in cache
14:38:00.979 [main] INFO io.github.bonigarcia.wdm.WebDriverManager - Exporting webdriver.chrome.driver as C:\Users\dhananjay.pokale\.cache\selenium\chromedriver\win64\120.0.6099.109\chromedriver.exe
14:38:02.598 [main] INFO testCases.TC_001_AccountRegistration - Starting TC_001_AccountRegistration
14:38:04.616 [main] INFO testCases.TC_001_AccountRegistration - Providing customer Name
14:38:04.800 [main] INFO testCases.TC_001_AccountRegistration - Providing customer Lastname
14:38:04.935 [main] INFO testCases.TC_001_AccountRegistration - Providing customer email Id
14:38:05.055 [main] INFO testCases.TC_001_AccountRegistration - Providing customer Pswd
14:38:05.173 [main] INFO testCases.TC_001_AccountRegistration - Scrolling Down
14:38:08.193 [main] INFO testCases.TC_001_AccountRegistration - Accepting Privacy policy
14:38:08.317 [main] INFO testCases.TC_001_AccountRegistration - Clicking on continue
14:38:08.448 [main] INFO testCases.TC_001_AccountRegistration - Validation started
14:38:09.180 [main] INFO testCases.TC_001_AccountRegistration - Registration Testcase and Validation passed
]]></system-out>
    <system-err><![CDATA[Jan 09, 2024 2:38:02 PM org.openqa.selenium.devtools.CdpVersionFinder findNearestMatch
WARNING: Unable to find an exact match for CDP version 120, returning the closest version; found: 118; Please update to a Selenium version that supports CDP version 120
]]></system-err>
  </testcase>
  <testcase name="test_user_login" classname="testCases.TC_002_Login" time="2.062">
    <system-out><![CDATA[14:38:09.458 [main] DEBUG io.github.bonigarcia.wdm.WebDriverManager - Using WebDriverManager 5.6.2
14:38:09.467 [main] DEBUG io.github.bonigarcia.wdm.cache.ResolutionCache - Resolution chrome=120 in cache (valid until 15:36:23 09/01/2024 IST)
14:38:09.468 [main] DEBUG io.github.bonigarcia.wdm.cache.ResolutionCache - Resolution chrome120=120.0.6099.109 in cache (valid until 14:36:23 10/01/2024 IST)
14:38:09.468 [main] INFO io.github.bonigarcia.wdm.WebDriverManager - Using chromedriver 120.0.6099.109 (resolved driver for Chrome 120)
14:38:09.477 [main] DEBUG io.github.bonigarcia.wdm.WebDriverManager - Driver chromedriver 120.0.6099.109 found in cache
14:38:09.478 [main] INFO io.github.bonigarcia.wdm.WebDriverManager - Exporting webdriver.chrome.driver as C:\Users\dhananjay.pokale\.cache\selenium\chromedriver\win64\120.0.6099.109\chromedriver.exe
14:38:10.481 [main] INFO testCases.TC_002_Login - Starting TC_002_Login
14:38:12.544 [main] INFO testCases.TC_002_Login - Loggin is Success
]]></system-out>
    <system-err><![CDATA[Jan 09, 2024 2:38:10 PM org.openqa.selenium.devtools.CdpVersionFinder findNearestMatch
WARNING: Unable to find an exact match for CDP version 120, returning the closest version; found: 118; Please update to a Selenium version that supports CDP version 120
]]></system-err>
  </testcase>
  <testcase name="search_fetaure" classname="testCases.TC_004_Search" time="1.576">
    <system-out><![CDATA[14:38:12.752 [main] DEBUG io.github.bonigarcia.wdm.WebDriverManager - Using WebDriverManager 5.6.2
14:38:12.761 [main] DEBUG io.github.bonigarcia.wdm.cache.ResolutionCache - Resolution chrome=120 in cache (valid until 15:36:23 09/01/2024 IST)
14:38:12.762 [main] DEBUG io.github.bonigarcia.wdm.cache.ResolutionCache - Resolution chrome120=120.0.6099.109 in cache (valid until 14:36:23 10/01/2024 IST)
14:38:12.762 [main] INFO io.github.bonigarcia.wdm.WebDriverManager - Using chromedriver 120.0.6099.109 (resolved driver for Chrome 120)
14:38:12.777 [main] DEBUG io.github.bonigarcia.wdm.WebDriverManager - Driver chromedriver 120.0.6099.109 found in cache
14:38:12.778 [main] INFO io.github.bonigarcia.wdm.WebDriverManager - Exporting webdriver.chrome.driver as C:\Users\dhananjay.pokale\.cache\selenium\chromedriver\win64\120.0.6099.109\chromedriver.exe
14:38:13.847 [main] INFO testCases.TC_004_Search - Starting TC_004_Search
14:38:15.426 [main] INFO testCases.TC_004_Search - Item Found
]]></system-out>
    <system-err><![CDATA[Jan 09, 2024 2:38:13 PM org.openqa.selenium.devtools.CdpVersionFinder findNearestMatch
WARNING: Unable to find an exact match for CDP version 120, returning the closest version; found: 118; Please update to a Selenium version that supports CDP version 120
]]></system-err>
  </testcase>
  <testcase name="AddItemInCard" classname="testCases.TC_005_AddItemInCard" time="7.859">
    <system-out><![CDATA[14:38:15.671 [main] DEBUG io.github.bonigarcia.wdm.WebDriverManager - Using WebDriverManager 5.6.2
14:38:15.677 [main] DEBUG io.github.bonigarcia.wdm.cache.ResolutionCache - Resolution chrome=120 in cache (valid until 15:36:23 09/01/2024 IST)
14:38:15.677 [main] DEBUG io.github.bonigarcia.wdm.cache.ResolutionCache - Resolution chrome120=120.0.6099.109 in cache (valid until 14:36:23 10/01/2024 IST)
14:38:15.677 [main] INFO io.github.bonigarcia.wdm.WebDriverManager - Using chromedriver 120.0.6099.109 (resolved driver for Chrome 120)
14:38:15.687 [main] DEBUG io.github.bonigarcia.wdm.WebDriverManager - Driver chromedriver 120.0.6099.109 found in cache
14:38:15.688 [main] INFO io.github.bonigarcia.wdm.WebDriverManager - Exporting webdriver.chrome.driver as C:\Users\dhananjay.pokale\.cache\selenium\chromedriver\win64\120.0.6099.109\chromedriver.exe
14:38:16.636 [main] INFO testCases.TC_007_AddInWishlist - Starting TC_005_AddItemInCard
random number is:3
Waiting
14:38:24.497 [main] INFO testCases.TC_007_AddInWishlist - Items added in cart succefully
]]></system-out>
    <system-err><![CDATA[Jan 09, 2024 2:38:16 PM org.openqa.selenium.devtools.CdpVersionFinder findNearestMatch
WARNING: Unable to find an exact match for CDP version 120, returning the closest version; found: 118; Please update to a Selenium version that supports CDP version 120
]]></system-err>
  </testcase>
  <testcase name="CompaireProducts" classname="testCases.TC_006_CompaireProducts" time="9.892">
    <system-out><![CDATA[14:38:24.761 [main] DEBUG io.github.bonigarcia.wdm.WebDriverManager - Using WebDriverManager 5.6.2
14:38:24.768 [main] DEBUG io.github.bonigarcia.wdm.cache.ResolutionCache - Resolution chrome=120 in cache (valid until 15:36:23 09/01/2024 IST)
14:38:24.769 [main] DEBUG io.github.bonigarcia.wdm.cache.ResolutionCache - Resolution chrome120=120.0.6099.109 in cache (valid until 14:36:23 10/01/2024 IST)
14:38:24.769 [main] INFO io.github.bonigarcia.wdm.WebDriverManager - Using chromedriver 120.0.6099.109 (resolved driver for Chrome 120)
14:38:24.778 [main] DEBUG io.github.bonigarcia.wdm.WebDriverManager - Driver chromedriver 120.0.6099.109 found in cache
14:38:24.778 [main] INFO io.github.bonigarcia.wdm.WebDriverManager - Exporting webdriver.chrome.driver as C:\Users\dhananjay.pokale\.cache\selenium\chromedriver\win64\120.0.6099.109\chromedriver.exe
14:38:25.764 [main] INFO testCases.TC_006_CompaireProducts - Starting TC_006_CompaireProducts
14:38:35.662 [main] INFO testCases.TC_006_CompaireProducts - Itmes addedd in list
]]></system-out>
    <system-err><![CDATA[Jan 09, 2024 2:38:25 PM org.openqa.selenium.devtools.CdpVersionFinder findNearestMatch
WARNING: Unable to find an exact match for CDP version 120, returning the closest version; found: 118; Please update to a Selenium version that supports CDP version 120
]]></system-err>
  </testcase>
  <testcase name="AddInWishlist" classname="testCases.TC_007_AddInWishlist" time="17.853">
    <system-out><![CDATA[14:38:35.911 [main] DEBUG io.github.bonigarcia.wdm.WebDriverManager - Using WebDriverManager 5.6.2
14:38:35.918 [main] DEBUG io.github.bonigarcia.wdm.cache.ResolutionCache - Resolution chrome=120 in cache (valid until 15:36:23 09/01/2024 IST)
14:38:35.918 [main] DEBUG io.github.bonigarcia.wdm.cache.ResolutionCache - Resolution chrome120=120.0.6099.109 in cache (valid until 14:36:23 10/01/2024 IST)
14:38:35.918 [main] INFO io.github.bonigarcia.wdm.WebDriverManager - Using chromedriver 120.0.6099.109 (resolved driver for Chrome 120)
14:38:35.930 [main] DEBUG io.github.bonigarcia.wdm.WebDriverManager - Driver chromedriver 120.0.6099.109 found in cache
14:38:35.930 [main] INFO io.github.bonigarcia.wdm.WebDriverManager - Exporting webdriver.chrome.driver as C:\Users\dhananjay.pokale\.cache\selenium\chromedriver\win64\120.0.6099.109\chromedriver.exe
14:38:37.053 [main] INFO testCases.TC_007_AddInWishlist - Starting TC_007_AddInWishlist
14:38:38.706 [main] INFO testCases.TC_007_AddInWishlist - Login Success
14:38:42.130 [main] INFO testCases.TC_007_AddInWishlist - Scrolling down
14:38:45.132 [main] INFO testCases.TC_007_AddInWishlist - Waiting1
14:38:45.234 [main] INFO testCases.TC_007_AddInWishlist - Add 1st product
14:38:48.250 [main] INFO testCases.TC_007_AddInWishlist - waitimg2
14:38:48.352 [main] INFO testCases.TC_007_AddInWishlist - Add 2nd product
14:38:48.372 [main] INFO testCases.TC_007_AddInWishlist - Scrolling up
14:38:53.384 [main] INFO testCases.TC_007_AddInWishlist - waiting 3
14:38:54.782 [main] INFO testCases.TC_007_AddInWishlist - Click on wish btn
14:38:54.910 [main] INFO testCases.TC_007_AddInWishlist - Both items added in wishlist succefully
]]></system-out>
    <system-err><![CDATA[Jan 09, 2024 2:38:37 PM org.openqa.selenium.devtools.CdpVersionFinder findNearestMatch
WARNING: Unable to find an exact match for CDP version 120, returning the closest version; found: 118; Please update to a Selenium version that supports CDP version 120
]]></system-err>
  </testcase>
  <testcase name="ForgetPassword" classname="testCases.TC_008_ForgetPassword" time="2.531">
    <system-out><![CDATA[14:38:55.158 [main] DEBUG io.github.bonigarcia.wdm.WebDriverManager - Using WebDriverManager 5.6.2
14:38:55.173 [main] DEBUG io.github.bonigarcia.wdm.cache.ResolutionCache - Resolution chrome=120 in cache (valid until 15:36:23 09/01/2024 IST)
14:38:55.174 [main] DEBUG io.github.bonigarcia.wdm.cache.ResolutionCache - Resolution chrome120=120.0.6099.109 in cache (valid until 14:36:23 10/01/2024 IST)
14:38:55.174 [main] INFO io.github.bonigarcia.wdm.WebDriverManager - Using chromedriver 120.0.6099.109 (resolved driver for Chrome 120)
14:38:55.193 [main] DEBUG io.github.bonigarcia.wdm.WebDriverManager - Driver chromedriver 120.0.6099.109 found in cache
14:38:55.194 [main] INFO io.github.bonigarcia.wdm.WebDriverManager - Exporting webdriver.chrome.driver as C:\Users\dhananjay.pokale\.cache\selenium\chromedriver\win64\120.0.6099.109\chromedriver.exe
14:38:56.361 [main] INFO testCases.TC_008_ForgetPassword - Starting TC_008_ForgetPassword
14:38:58.894 [main] INFO testCases.TC_008_ForgetPassword - Password Updated Succefully
]]></system-out>
    <system-err><![CDATA[Jan 09, 2024 2:38:56 PM org.openqa.selenium.devtools.CdpVersionFinder findNearestMatch
WARNING: Unable to find an exact match for CDP version 120, returning the closest version; found: 118; Please update to a Selenium version that supports CDP version 120
]]></system-err>
  </testcase>
  <testcase name="FrgtPwdWithInvalidEmailAdd" classname="testCases.TC_009_FrgtPwdWithInvalidEmailAdd" time="2.136">
    <system-out><![CDATA[14:38:59.121 [main] DEBUG io.github.bonigarcia.wdm.WebDriverManager - Using WebDriverManager 5.6.2
14:38:59.131 [main] DEBUG io.github.bonigarcia.wdm.cache.ResolutionCache - Resolution chrome=120 in cache (valid until 15:36:23 09/01/2024 IST)
14:38:59.132 [main] DEBUG io.github.bonigarcia.wdm.cache.ResolutionCache - Resolution chrome120=120.0.6099.109 in cache (valid until 14:36:23 10/01/2024 IST)
14:38:59.132 [main] INFO io.github.bonigarcia.wdm.WebDriverManager - Using chromedriver 120.0.6099.109 (resolved driver for Chrome 120)
14:38:59.150 [main] DEBUG io.github.bonigarcia.wdm.WebDriverManager - Driver chromedriver 120.0.6099.109 found in cache
14:38:59.151 [main] INFO io.github.bonigarcia.wdm.WebDriverManager - Exporting webdriver.chrome.driver as C:\Users\dhananjay.pokale\.cache\selenium\chromedriver\win64\120.0.6099.109\chromedriver.exe
14:39:00.196 [main] INFO testCases.TC_009_FrgtPwdWithInvalidEmailAdd - Starting TC_009_FrgtPwdWithInvalidEmailAdd
14:39:02.332 [main] INFO testCases.TC_009_FrgtPwdWithInvalidEmailAdd - Got error message of Invalid Email
]]></system-out>
    <system-err><![CDATA[Jan 09, 2024 2:39:00 PM org.openqa.selenium.devtools.CdpVersionFinder findNearestMatch
WARNING: Unable to find an exact match for CDP version 120, returning the closest version; found: 118; Please update to a Selenium version that supports CDP version 120
]]></system-err>
  </testcase>
</testsuite>