<?xml version="1.0" encoding="UTF-8"?>
<testng-results ignored="0" total="8" passed="8" failed="0" skipped="0">
  <reporter-output>
  </reporter-output>
  <suite started-at="2024-01-11T12:04:40 IST" name="opencart" finished-at="2024-01-11T12:05:48 IST" duration-ms="68113">
    <groups>
      <group name="regression">
        <method signature="TC_001_AccountRegistration.test_account_registration()[pri:0, instance:testCases.TC_001_AccountRegistration@39b43d60]" name="test_account_registration" class="testCases.TC_001_AccountRegistration"/>
      </group> <!-- regression -->
      <group name="sanity">
        <method signature="TC_002_Login.test_user_login()[pri:0, instance:testCases.TC_002_Login@239105a8]" name="test_user_login" class="testCases.TC_002_Login"/>
      </group> <!-- sanity -->
      <group name="master">
        <method signature="TC_001_AccountRegistration.test_account_registration()[pri:0, instance:testCases.TC_001_AccountRegistration@39b43d60]" name="test_account_registration" class="testCases.TC_001_AccountRegistration"/>
        <method signature="TC_002_Login.test_user_login()[pri:0, instance:testCases.TC_002_Login@239105a8]" name="test_user_login" class="testCases.TC_002_Login"/>
      </group> <!-- master -->
    </groups>
    <test started-at="2024-01-11T12:04:40 IST" name="Test" finished-at="2024-01-11T12:05:48 IST" duration-ms="68113">
      <class name="testCases.TC_005_AddItemInCard">
        <test-method is-config="true" signature="setup(java.lang.String)[pri:0, instance:testCases.TC_005_AddItemInCard@609bcfb6]" started-at="2024-01-11T12:04:57 IST" name="setup" finished-at="2024-01-11T12:04:58 IST" duration-ms="1001" status="PASS">
          <params>
            <param index="0">
              <value>
                <![CDATA[chrome]]>
              </value>
            </param>
          </params>
          <reporter-output>
          </reporter-output>
        </test-method> <!-- setup -->
        <test-method signature="AddItemInCard()[pri:0, instance:testCases.TC_005_AddItemInCard@609bcfb6]" started-at="2024-01-11T12:04:58 IST" name="AddItemInCard" finished-at="2024-01-11T12:05:06 IST" duration-ms="8084" status="PASS">
          <reporter-output>
          </reporter-output>
        </test-method> <!-- AddItemInCard -->
        <test-method is-config="true" signature="tearDown()[pri:0, instance:testCases.TC_005_AddItemInCard@609bcfb6]" started-at="2024-01-11T12:05:06 IST" name="tearDown" finished-at="2024-01-11T12:05:06 IST" duration-ms="409" status="PASS">
          <reporter-output>
          </reporter-output>
        </test-method> <!-- tearDown -->
      </class> <!-- testCases.TC_005_AddItemInCard -->
      <class name="testCases.TC_007_AddInWishlist">
        <test-method is-config="true" signature="setup(java.lang.String)[pri:0, instance:testCases.TC_007_AddInWishlist@560348e6]" started-at="2024-01-11T12:05:18 IST" name="setup" finished-at="2024-01-11T12:05:19 IST" duration-ms="1057" status="PASS">
          <params>
            <param index="0">
              <value>
                <![CDATA[chrome]]>
              </value>
            </param>
          </params>
          <reporter-output>
          </reporter-output>
        </test-method> <!-- setup -->
        <test-method signature="AddInWishlist()[pri:0, instance:testCases.TC_007_AddInWishlist@560348e6]" started-at="2024-01-11T12:05:19 IST" name="AddInWishlist" finished-at="2024-01-11T12:05:40 IST" duration-ms="20829" status="PASS">
          <reporter-output>
          </reporter-output>
        </test-method> <!-- AddInWishlist -->
        <test-method is-config="true" signature="tearDown()[pri:0, instance:testCases.TC_007_AddInWishlist@560348e6]" started-at="2024-01-11T12:05:40 IST" name="tearDown" finished-at="2024-01-11T12:05:40 IST" duration-ms="446" status="PASS">
          <reporter-output>
          </reporter-output>
        </test-method> <!-- tearDown -->
      </class> <!-- testCases.TC_007_AddInWishlist -->
      <class name="testCases.TC_008_ForgetPassword">
        <test-method is-config="true" signature="setup(java.lang.String)[pri:0, instance:testCases.TC_008_ForgetPassword@1df8b5b8]" started-at="2024-01-11T12:05:40 IST" name="setup" finished-at="2024-01-11T12:05:41 IST" duration-ms="1036" status="PASS">
          <params>
            <param index="0">
              <value>
                <![CDATA[chrome]]>
              </value>
            </param>
          </params>
          <reporter-output>
          </reporter-output>
        </test-method> <!-- setup -->
        <test-method signature="ForgetPassword()[pri:0, instance:testCases.TC_008_ForgetPassword@1df8b5b8]" started-at="2024-01-11T12:05:41 IST" name="ForgetPassword" finished-at="2024-01-11T12:05:44 IST" duration-ms="2740" status="PASS">
          <reporter-output>
          </reporter-output>
        </test-method> <!-- ForgetPassword -->
        <test-method is-config="true" signature="tearDown()[pri:0, instance:testCases.TC_008_ForgetPassword@1df8b5b8]" started-at="2024-01-11T12:05:44 IST" name="tearDown" finished-at="2024-01-11T12:05:44 IST" duration-ms="371" status="PASS">
          <reporter-output>
          </reporter-output>
        </test-method> <!-- tearDown -->
      </class> <!-- testCases.TC_008_ForgetPassword -->
      <class name="testCases.TC_004_Search">
        <test-method is-config="true" signature="setup(java.lang.String)[pri:0, instance:testCases.TC_004_Search@3fce8fd9]" started-at="2024-01-11T12:04:53 IST" name="setup" finished-at="2024-01-11T12:04:54 IST" duration-ms="958" status="PASS">
          <params>
            <param index="0">
              <value>
                <![CDATA[chrome]]>
              </value>
            </param>
          </params>
          <reporter-output>
          </reporter-output>
        </test-method> <!-- setup -->
        <test-method signature="search_fetaure()[pri:0, instance:testCases.TC_004_Search@3fce8fd9]" started-at="2024-01-11T12:04:54 IST" name="search_fetaure" finished-at="2024-01-11T12:04:56 IST" duration-ms="2173" status="PASS">
          <reporter-output>
          </reporter-output>
        </test-method> <!-- search_fetaure -->
        <test-method is-config="true" signature="tearDown()[pri:0, instance:testCases.TC_004_Search@3fce8fd9]" started-at="2024-01-11T12:04:56 IST" name="tearDown" finished-at="2024-01-11T12:04:57 IST" duration-ms="399" status="PASS">
          <reporter-output>
          </reporter-output>
        </test-method> <!-- tearDown -->
      </class> <!-- testCases.TC_004_Search -->
      <class name="testCases.TC_002_Login">
        <test-method is-config="true" signature="setup(java.lang.String)[pri:0, instance:testCases.TC_002_Login@239105a8]" started-at="2024-01-11T12:04:50 IST" name="setup" finished-at="2024-01-11T12:04:51 IST" duration-ms="969" status="PASS">
          <params>
            <param index="0">
              <value>
                <![CDATA[chrome]]>
              </value>
            </param>
          </params>
          <reporter-output>
          </reporter-output>
        </test-method> <!-- setup -->
        <test-method signature="test_user_login()[pri:0, instance:testCases.TC_002_Login@239105a8]" started-at="2024-01-11T12:04:51 IST" name="test_user_login" finished-at="2024-01-11T12:04:53 IST" duration-ms="2483" status="PASS">
          <reporter-output>
          </reporter-output>
        </test-method> <!-- test_user_login -->
        <test-method is-config="true" signature="tearDown()[pri:0, instance:testCases.TC_002_Login@239105a8]" started-at="2024-01-11T12:04:53 IST" name="tearDown" finished-at="2024-01-11T12:04:53 IST" duration-ms="357" status="PASS">
          <reporter-output>
          </reporter-output>
        </test-method> <!-- tearDown -->
      </class> <!-- testCases.TC_002_Login -->
      <class name="testCases.TC_001_AccountRegistration">
        <test-method is-config="true" signature="setup(java.lang.String)[pri:0, instance:testCases.TC_001_AccountRegistration@39b43d60]" started-at="2024-01-11T12:04:40 IST" name="setup" finished-at="2024-01-11T12:04:43 IST" duration-ms="2891" status="PASS">
          <params>
            <param index="0">
              <value>
                <![CDATA[chrome]]>
              </value>
            </param>
          </params>
          <reporter-output>
          </reporter-output>
        </test-method> <!-- setup -->
        <test-method signature="test_account_registration()[pri:0, instance:testCases.TC_001_AccountRegistration@39b43d60]" started-at="2024-01-11T12:04:43 IST" name="test_account_registration" finished-at="2024-01-11T12:04:49 IST" duration-ms="6098" status="PASS">
          <reporter-output>
          </reporter-output>
        </test-method> <!-- test_account_registration -->
        <test-method is-config="true" signature="tearDown()[pri:0, instance:testCases.TC_001_AccountRegistration@39b43d60]" started-at="2024-01-11T12:04:49 IST" name="tearDown" finished-at="2024-01-11T12:04:50 IST" duration-ms="407" status="PASS">
          <reporter-output>
          </reporter-output>
        </test-method> <!-- tearDown -->
      </class> <!-- testCases.TC_001_AccountRegistration -->
      <class name="testCases.TC_009_FrgtPwdWithInvalidEmailAdd">
        <test-method is-config="true" signature="setup(java.lang.String)[pri:0, instance:testCases.TC_009_FrgtPwdWithInvalidEmailAdd@23202fce]" started-at="2024-01-11T12:05:44 IST" name="setup" finished-at="2024-01-11T12:05:45 IST" duration-ms="1014" status="PASS">
          <params>
            <param index="0">
              <value>
                <![CDATA[chrome]]>
              </value>
            </param>
          </params>
          <reporter-output>
          </reporter-output>
        </test-method> <!-- setup -->
        <test-method signature="FrgtPwdWithInvalidEmailAdd()[pri:0, instance:testCases.TC_009_FrgtPwdWithInvalidEmailAdd@23202fce]" started-at="2024-01-11T12:05:45 IST" name="FrgtPwdWithInvalidEmailAdd" finished-at="2024-01-11T12:05:48 IST" duration-ms="2235" status="PASS">
          <reporter-output>
          </reporter-output>
        </test-method> <!-- FrgtPwdWithInvalidEmailAdd -->
        <test-method is-config="true" signature="tearDown()[pri:0, instance:testCases.TC_009_FrgtPwdWithInvalidEmailAdd@23202fce]" started-at="2024-01-11T12:05:48 IST" name="tearDown" finished-at="2024-01-11T12:05:48 IST" duration-ms="378" status="PASS">
          <reporter-output>
          </reporter-output>
        </test-method> <!-- tearDown -->
      </class> <!-- testCases.TC_009_FrgtPwdWithInvalidEmailAdd -->
      <class name="testCases.TC_006_CompaireProducts">
        <test-method is-config="true" signature="setup(java.lang.String)[pri:0, instance:testCases.TC_006_CompaireProducts@7d94beb9]" started-at="2024-01-11T12:05:06 IST" name="setup" finished-at="2024-01-11T12:05:07 IST" duration-ms="950" status="PASS">
          <params>
            <param index="0">
              <value>
                <![CDATA[chrome]]>
              </value>
            </param>
          </params>
          <reporter-output>
          </reporter-output>
        </test-method> <!-- setup -->
        <test-method signature="CompaireProducts()[pri:0, instance:testCases.TC_006_CompaireProducts@7d94beb9]" started-at="2024-01-11T12:05:07 IST" name="CompaireProducts" finished-at="2024-01-11T12:05:17 IST" duration-ms="10127" status="PASS">
          <reporter-output>
          </reporter-output>
        </test-method> <!-- CompaireProducts -->
        <test-method is-config="true" signature="tearDown()[pri:0, instance:testCases.TC_006_CompaireProducts@7d94beb9]" started-at="2024-01-11T12:05:17 IST" name="tearDown" finished-at="2024-01-11T12:05:18 IST" duration-ms="394" status="PASS">
          <reporter-output>
          </reporter-output>
        </test-method> <!-- tearDown -->
      </class> <!-- testCases.TC_006_CompaireProducts -->
    </test> <!-- Test -->
  </suite> <!-- opencart -->
</testng-results>
